<?xml version="1.0" encoding="UTF-8"?>
<!-- Generated by org.testng.reporters.JUnitXMLReporter -->
<testsuite ignored="2" hostname="DESKTOP-COBHVCV" failures="1" tests="1" name="Default test(failed)" time="26.525" errors="0" timestamp="2024-01-06T18:46:37 IST">
  <testcase classname="CRM_Testcase.LoginTest_Case" name="verifyLogin" time="9.753">
    <failure type="org.openqa.selenium.NoSuchElementException" message="Unable to find element with locator By.id: email-id
For documentation on this error, please visit: https://www.selenium.dev/documentation/webdriver/troubleshooting/errors#no-such-element-exception
Build info: version: &amp;apos;4.16.1&amp;apos;, revision: &amp;apos;9b4c83354e&amp;apos;
System info: os.name: &amp;apos;Windows 10&amp;apos;, os.arch: &amp;apos;amd64&amp;apos;, os.version: &amp;apos;10.0&amp;apos;, java.version: &amp;apos;12.0.1&amp;apos;
Driver info: driver.version: RemoteWebDriver">
      <![CDATA[org.openqa.selenium.NoSuchElementException: Unable to find element with locator By.id: email-id
For documentation on this error, please visit: https://www.selenium.dev/documentation/webdriver/troubleshooting/errors#no-such-element-exception
Build info: version: '4.16.1', revision: '9b4c83354e'
System info: os.name: 'Windows 10', os.arch: 'amd64', os.version: '10.0', java.version: '12.0.1'
Driver info: driver.version: RemoteWebDriver
at org.openqa.selenium.remote.ElementLocation$ElementFinder$2.findElement(ElementLocation.java:168)
at org.openqa.selenium.remote.ElementLocation.findElement(ElementLocation.java:59)
at org.openqa.selenium.remote.RemoteWebDriver.findElement(RemoteWebDriver.java:360)
at org.openqa.selenium.remote.RemoteWebDriver.findElement(RemoteWebDriver.java:354)
at CRM_Pages.LoginPage.dologin(LoginPage.java:35)
at CRM_Testcase.LoginTest_Case.verifyLogin(LoginTest_Case.java:28)
at java.base/java.util.ArrayList.forEach(ArrayList.java:1540)
... Removed 27 stack frames]]>
    </failure>
  </testcase> <!-- verifyLogin -->
  <testcase classname="CRM_Testcase.LoginTest_Case" name="verifyTittle" time="0.0">
    <ignored/>
  </testcase> <!-- verifyTittle -->
  <testcase classname="CRM_Testcase.LoginTest_Case" name="verifyUrl" time="0.0">
    <ignored/>
  </testcase> <!-- verifyUrl -->
</testsuite> <!-- Default test(failed) -->
